[0.023s] Invoking command in '/home/student/ros2_ws/src/week4lab/build/week4lab': CMAKE_PREFIX_PATH=${CMAKE_PREFIX_PATH}:/home/student/ros2_ws/install/turtlebot3_teleop:/home/student/ros2_ws/install/turtlebot3_example:/opt/ros/humble /usr/bin/cmake /home/student/ros2_ws/src/week4lab -DCMAKE_INSTALL_PREFIX=/home/student/ros2_ws/src/week4lab/install/week4lab
[0.095s] -- The C compiler identification is GNU 11.4.0
[0.160s] -- The CXX compiler identification is GNU 11.4.0
[0.169s] -- Detecting C compiler ABI info
[0.251s] -- Detecting C compiler ABI info - done
[0.259s] -- Check for working C compiler: /usr/bin/cc - skipped
[0.259s] -- Detecting C compile features
[0.259s] -- Detecting C compile features - done
[0.262s] -- Detecting CXX compiler ABI info
[0.357s] -- Detecting CXX compiler ABI info - done
[0.367s] -- Check for working CXX compiler: /usr/bin/c++ - skipped
[0.368s] -- Detecting CXX compile features
[0.368s] -- Detecting CXX compile features - done
[0.373s] -- Found ament_cmake: 1.3.9 (/opt/ros/humble/share/ament_cmake/cmake)
[0.555s] -- Found Python3: /usr/bin/python3 (found version "3.10.12") found components: Interpreter 
[0.689s] -- Found ament_lint_auto: 0.12.11 (/opt/ros/humble/share/ament_lint_auto/cmake)
[0.804s] -- Added test 'cppcheck' to perform static code analysis on C / C++ code
[0.804s] -- Configured cppcheck include dirs: 
[0.804s] -- Configured cppcheck exclude dirs and/or files: 
[0.808s] -- Added test 'lint_cmake' to check CMake code style
[0.820s] -- Added test 'uncrustify' to check C / C++ code style
[0.820s] -- Configured uncrustify additional arguments: 
[0.822s] -- Added test 'xmllint' to check XML markup files
[0.824s] -- Configuring done
[0.827s] -- Generating done
[0.828s] -- Build files have been written to: /home/student/ros2_ws/src/week4lab/build/week4lab
[0.833s] Invoked command in '/home/student/ros2_ws/src/week4lab/build/week4lab' returned '0': CMAKE_PREFIX_PATH=${CMAKE_PREFIX_PATH}:/home/student/ros2_ws/install/turtlebot3_teleop:/home/student/ros2_ws/install/turtlebot3_example:/opt/ros/humble /usr/bin/cmake /home/student/ros2_ws/src/week4lab -DCMAKE_INSTALL_PREFIX=/home/student/ros2_ws/src/week4lab/install/week4lab
[0.836s] Invoking command in '/home/student/ros2_ws/src/week4lab/build/week4lab': CMAKE_PREFIX_PATH=${CMAKE_PREFIX_PATH}:/home/student/ros2_ws/install/turtlebot3_teleop:/home/student/ros2_ws/install/turtlebot3_example:/opt/ros/humble /usr/bin/cmake --build /home/student/ros2_ws/src/week4lab/build/week4lab -- -j8 -l8
[0.887s] Invoked command in '/home/student/ros2_ws/src/week4lab/build/week4lab' returned '0': CMAKE_PREFIX_PATH=${CMAKE_PREFIX_PATH}:/home/student/ros2_ws/install/turtlebot3_teleop:/home/student/ros2_ws/install/turtlebot3_example:/opt/ros/humble /usr/bin/cmake --build /home/student/ros2_ws/src/week4lab/build/week4lab -- -j8 -l8
[0.930s] Invoking command in '/home/student/ros2_ws/src/week4lab/build/week4lab': CMAKE_PREFIX_PATH=${CMAKE_PREFIX_PATH}:/home/student/ros2_ws/install/turtlebot3_teleop:/home/student/ros2_ws/install/turtlebot3_example:/opt/ros/humble /usr/bin/cmake --install /home/student/ros2_ws/src/week4lab/build/week4lab
[0.939s] -- Install configuration: ""
[0.939s] -- Installing: /home/student/ros2_ws/src/week4lab/install/week4lab/share/ament_index/resource_index/package_run_dependencies/week4lab
[0.940s] -- Installing: /home/student/ros2_ws/src/week4lab/install/week4lab/share/ament_index/resource_index/parent_prefix_path/week4lab
[0.940s] -- Installing: /home/student/ros2_ws/src/week4lab/install/week4lab/share/week4lab/environment/ament_prefix_path.sh
[0.940s] -- Installing: /home/student/ros2_ws/src/week4lab/install/week4lab/share/week4lab/environment/ament_prefix_path.dsv
[0.940s] -- Installing: /home/student/ros2_ws/src/week4lab/install/week4lab/share/week4lab/environment/path.sh
[0.940s] -- Installing: /home/student/ros2_ws/src/week4lab/install/week4lab/share/week4lab/environment/path.dsv
[0.940s] -- Installing: /home/student/ros2_ws/src/week4lab/install/week4lab/share/week4lab/local_setup.bash
[0.940s] -- Installing: /home/student/ros2_ws/src/week4lab/install/week4lab/share/week4lab/local_setup.sh
[0.941s] -- Installing: /home/student/ros2_ws/src/week4lab/install/week4lab/share/week4lab/local_setup.zsh
[0.941s] -- Installing: /home/student/ros2_ws/src/week4lab/install/week4lab/share/week4lab/local_setup.dsv
[0.941s] -- Installing: /home/student/ros2_ws/src/week4lab/install/week4lab/share/week4lab/package.dsv
[0.941s] -- Installing: /home/student/ros2_ws/src/week4lab/install/week4lab/share/ament_index/resource_index/packages/week4lab
[0.941s] -- Installing: /home/student/ros2_ws/src/week4lab/install/week4lab/share/week4lab/cmake/week4labConfig.cmake
[0.941s] -- Installing: /home/student/ros2_ws/src/week4lab/install/week4lab/share/week4lab/cmake/week4labConfig-version.cmake
[0.942s] -- Installing: /home/student/ros2_ws/src/week4lab/install/week4lab/share/week4lab/package.xml
[0.944s] Invoked command in '/home/student/ros2_ws/src/week4lab/build/week4lab' returned '0': CMAKE_PREFIX_PATH=${CMAKE_PREFIX_PATH}:/home/student/ros2_ws/install/turtlebot3_teleop:/home/student/ros2_ws/install/turtlebot3_example:/opt/ros/humble /usr/bin/cmake --install /home/student/ros2_ws/src/week4lab/build/week4lab
